{"/Users/jenniferlopez/Desktop/VS Code/DSA/1_two_sum/twoSum.js": {"path":"/Users/jenniferlopez/Desktop/VS Code/DSA/1_two_sum/twoSum.js","statementMap":{"0":{"start":{"line":8,"column":13},"end":{"line":16,"column":1}},"1":{"start":{"line":9,"column":17},"end":{"line":9,"column":19}},"2":{"start":{"line":11,"column":4},"end":{"line":15,"column":5}},"3":{"start":{"line":11,"column":17},"end":{"line":11,"column":18}},"4":{"start":{"line":12,"column":25},"end":{"line":12,"column":41}},"5":{"start":{"line":13,"column":8},"end":{"line":14,"column":49}},"6":{"start":{"line":13,"column":42},"end":{"line":13,"column":63}},"7":{"start":{"line":14,"column":13},"end":{"line":14,"column":49}},"8":{"start":{"line":18,"column":0},"end":{"line":18,"column":24}}},"fnMap":{"0":{"name":"(anonymous_0)","decl":{"start":{"line":8,"column":13},"end":{"line":8,"column":14}},"loc":{"start":{"line":8,"column":37},"end":{"line":16,"column":1}},"line":8}},"branchMap":{"0":{"loc":{"start":{"line":13,"column":8},"end":{"line":14,"column":49}},"type":"if","locations":[{"start":{"line":13,"column":8},"end":{"line":14,"column":49}},{"start":{"line":14,"column":13},"end":{"line":14,"column":49}}],"line":13}},"s":{"0":1,"1":4,"2":4,"3":4,"4":10,"5":10,"6":6,"7":4,"8":1},"f":{"0":4},"b":{"0":[6,4]},"_coverageSchema":"1a1c01bbd47fc00a2c39e90264f33305004495a9","hash":"d1b2afa91f96d0839ffd1bb36abed990895845df"}
}
