{"/Users/jenniferlopez/Desktop/VS Code/DSA/1_two_sum/twoSum.js": {"path":"/Users/jenniferlopez/Desktop/VS Code/DSA/1_two_sum/twoSum.js","statementMap":{"0":{"start":{"line":8,"column":13},"end":{"line":16,"column":1}},"1":{"start":{"line":9,"column":17},"end":{"line":9,"column":19}},"2":{"start":{"line":11,"column":4},"end":{"line":15,"column":5}},"3":{"start":{"line":11,"column":17},"end":{"line":11,"column":18}},"4":{"start":{"line":12,"column":25},"end":{"line":12,"column":41}},"5":{"start":{"line":13,"column":8},"end":{"line":14,"column":49}},"6":{"start":{"line":13,"column":42},"end":{"line":13,"column":63}},"7":{"start":{"line":14,"column":13},"end":{"line":14,"column":49}},"8":{"start":{"line":18,"column":0},"end":{"line":18,"column":24}}},"fnMap":{"0":{"name":"(anonymous_0)","decl":{"start":{"line":8,"column":13},"end":{"line":8,"column":14}},"loc":{"start":{"line":8,"column":37},"end":{"line":16,"column":1}},"line":8}},"branchMap":{"0":{"loc":{"start":{"line":13,"column":8},"end":{"line":14,"column":49}},"type":"if","locations":[{"start":{"line":13,"column":8},"end":{"line":14,"column":49}},{"start":{"line":14,"column":13},"end":{"line":14,"column":49}}],"line":13}},"s":{"0":1,"1":4,"2":4,"3":4,"4":10,"5":10,"6":6,"7":4,"8":1},"f":{"0":4},"b":{"0":[6,4]},"_coverageSchema":"1a1c01bbd47fc00a2c39e90264f33305004495a9","hash":"d1b2afa91f96d0839ffd1bb36abed990895845df"}
,"/Users/jenniferlopez/Desktop/VS Code/DSA/2_valid_parantheses/validParantheses.js": {"path":"/Users/jenniferlopez/Desktop/VS Code/DSA/2_valid_parantheses/validParantheses.js","statementMap":{"0":{"start":{"line":6,"column":14},"end":{"line":29,"column":1}},"1":{"start":{"line":7,"column":4},"end":{"line":7,"column":40}},"2":{"start":{"line":7,"column":27},"end":{"line":7,"column":40}},"3":{"start":{"line":9,"column":16},"end":{"line":9,"column":18}},"4":{"start":{"line":10,"column":25},"end":{"line":10,"column":30}},"5":{"start":{"line":11,"column":4},"end":{"line":26,"column":5}},"6":{"start":{"line":12,"column":8},"end":{"line":25,"column":9}},"7":{"start":{"line":12,"column":48},"end":{"line":12,"column":69}},"8":{"start":{"line":13,"column":13},"end":{"line":25,"column":9}},"9":{"start":{"line":13,"column":36},"end":{"line":13,"column":48}},"10":{"start":{"line":15,"column":30},"end":{"line":15,"column":41}},"11":{"start":{"line":16,"column":35},"end":{"line":16,"column":60}},"12":{"start":{"line":17,"column":40},"end":{"line":17,"column":63}},"13":{"start":{"line":18,"column":12},"end":{"line":23,"column":13}},"14":{"start":{"line":19,"column":37},"end":{"line":19,"column":82}},"15":{"start":{"line":22,"column":37},"end":{"line":22,"column":82}},"16":{"start":{"line":24,"column":12},"end":{"line":24,"column":46}},"17":{"start":{"line":24,"column":33},"end":{"line":24,"column":46}},"18":{"start":{"line":27,"column":4},"end":{"line":27,"column":39}},"19":{"start":{"line":27,"column":26},"end":{"line":27,"column":39}},"20":{"start":{"line":28,"column":4},"end":{"line":28,"column":16}},"21":{"start":{"line":31,"column":0},"end":{"line":31,"column":25}}},"fnMap":{"0":{"name":"(anonymous_0)","decl":{"start":{"line":6,"column":14},"end":{"line":6,"column":15}},"loc":{"start":{"line":6,"column":27},"end":{"line":29,"column":1}},"line":6}},"branchMap":{"0":{"loc":{"start":{"line":7,"column":4},"end":{"line":7,"column":40}},"type":"if","locations":[{"start":{"line":7,"column":4},"end":{"line":7,"column":40}},{"start":{},"end":{}}],"line":7},"1":{"loc":{"start":{"line":12,"column":8},"end":{"line":25,"column":9}},"type":"if","locations":[{"start":{"line":12,"column":8},"end":{"line":25,"column":9}},{"start":{"line":13,"column":13},"end":{"line":25,"column":9}}],"line":12},"2":{"loc":{"start":{"line":13,"column":13},"end":{"line":25,"column":9}},"type":"if","locations":[{"start":{"line":13,"column":13},"end":{"line":25,"column":9}},{"start":{"line":14,"column":13},"end":{"line":25,"column":9}}],"line":13},"3":{"loc":{"start":{"line":18,"column":12},"end":{"line":23,"column":13}},"type":"if","locations":[{"start":{"line":18,"column":12},"end":{"line":23,"column":13}},{"start":{"line":21,"column":17},"end":{"line":23,"column":13}}],"line":18},"4":{"loc":{"start":{"line":24,"column":12},"end":{"line":24,"column":46}},"type":"if","locations":[{"start":{"line":24,"column":12},"end":{"line":24,"column":46}},{"start":{},"end":{}}],"line":24},"5":{"loc":{"start":{"line":27,"column":4},"end":{"line":27,"column":39}},"type":"if","locations":[{"start":{"line":27,"column":4},"end":{"line":27,"column":39}},{"start":{},"end":{}}],"line":27}},"s":{"0":1,"1":7,"2":1,"3":6,"4":6,"5":6,"6":18,"7":10,"8":8,"9":1,"10":7,"11":7,"12":7,"13":7,"14":3,"15":4,"16":7,"17":2,"18":3,"19":1,"20":2,"21":1},"f":{"0":7},"b":{"0":[1,6],"1":[10,8],"2":[1,7],"3":[3,4],"4":[2,5],"5":[1,2]},"_coverageSchema":"1a1c01bbd47fc00a2c39e90264f33305004495a9","hash":"4c65f20c3e2651e5be728223a08980155a3d88d1"}
}
