TN:
SF:1_two_sum/twoSum.js
FN:8,(anonymous_0)
FNF:1
FNH:1
FNDA:4,(anonymous_0)
DA:8,1
DA:9,4
DA:11,4
DA:12,10
DA:13,10
DA:14,4
DA:18,1
LF:7
LH:7
BRDA:13,0,0,6
BRDA:13,0,1,4
BRF:2
BRH:2
end_of_record
TN:
SF:2_valid_parantheses/validParantheses.js
FN:6,(anonymous_0)
FNF:1
FNH:1
FNDA:7,(anonymous_0)
DA:6,1
DA:7,7
DA:9,6
DA:10,6
DA:11,6
DA:12,18
DA:13,8
DA:15,7
DA:16,7
DA:17,7
DA:18,7
DA:19,3
DA:22,4
DA:24,7
DA:27,3
DA:28,2
DA:31,1
LF:17
LH:17
BRDA:7,0,0,1
BRDA:7,0,1,6
BRDA:12,1,0,10
BRDA:12,1,1,8
BRDA:13,2,0,1
BRDA:13,2,1,7
BRDA:18,3,0,3
BRDA:18,3,1,4
BRDA:24,4,0,2
BRDA:24,4,1,5
BRDA:27,5,0,1
BRDA:27,5,1,2
BRF:12
BRH:12
end_of_record
